<html>
<head>
<title>TestNG:  Test</title>
<link href="../testng.css" rel="stylesheet" type="text/css" />
<link href="../my-testng.css" rel="stylesheet" type="text/css" />

<style type="text/css">
.log { display: none;} 
.stack-trace { display: none;} 
</style>
<script type="text/javascript">
<!--
function flip(e) {
  current = e.style.display;
  if (current == 'block') {
    e.style.display = 'none';
    return 0;
  }
  else {
    e.style.display = 'block';
    return 1;
  }
}

function toggleBox(szDivId, elem, msg1, msg2)
{
  var res = -1;  if (document.getElementById) {
    res = flip(document.getElementById(szDivId));
  }
  else if (document.all) {
    // this is the way old msie versions work
    res = flip(document.all[szDivId]);
  }
  if(elem) {
    if(res == 0) elem.innerHTML = msg1; else elem.innerHTML = msg2;
  }

}

function toggleAllBoxes() {
  if (document.getElementsByTagName) {
    d = document.getElementsByTagName('div');
    for (i = 0; i < d.length; i++) {
      if (d[i].className == 'log') {
        flip(d[i]);
      }
    }
  }
}

// -->
</script>

</head>
<body>
<h2 align='center'>Test</h2><table border='1' align="center">
<tr>
<td>Tests passed/Failed/Skipped:</td><td>5/1/2</td>
</tr><tr>
<td>Started on:</td><td>Sat Aug 24 19:43:20 IST 2024</td>
</tr>
<tr><td>Total time:</td><td>58 seconds (58405 ms)</td>
</tr><tr>
<td>Included groups:</td><td></td>
</tr><tr>
<td>Excluded groups:</td><td></td>
</tr>
</table><p/>
<small><i>(Hover the method name to see the test class name)</i></small><p/>
<table width='100%' border='1' class='invocation-failed'>
<tr><td colspan='4' align='center'><b>FAILED TESTS</b></td></tr>
<tr><td><b>Test method</b></td>
<td><b>Attribute(s)</b></td>
<td width="30%"><b>Exception</b></td>
<td width="10%"><b>Time (seconds)</b></td>
<td><b>Instance</b></td>
</tr>
<tr>
<td title='com.tests.LoginTests.validateFailedScenario()'><b>validateFailedScenario</b><br>Test class: com.tests.LoginTests<br/>
<a href="#Output-492938056" onClick='toggleBox("Output-492938056", this, "Show output", "Hide output");'>Show output</a>

<a href="#Output-492938056" onClick="toggleAllBoxes();">Show all outputs</a>
<div class='log' id="Output-492938056">
The test validateFailedScenario is falied<br/>
<a title = 'Automation Test' href = C:\Users\Chitransh Shrivastav\eclipse-workspace\Assignment//Screenshot//image785508123.png>Screenshot</a><br/>
</div>
</td>
<td><div><pre>java.lang.AssertionError: The following asserts failed:
	expected [Failed: Your username is invalid!] but found [Your username is invalid!],
	expected [Failed: Your username is invalid!] but found [Your username is invalid!],
	expected [Failed: Your username is invalid!] but found [Your username is invalid!]
	at com.tests.LoginTests.validateFailedScenario(LoginTests.java:88)
	at java.base/java.util.ArrayList.forEach(ArrayList.java:1511)
... Removed 29 stack frames</pre></div><a href='#' onClick='toggleBox("stack-trace492938056", this, "Click to show all stack frames", "Click to hide stack frames")'>Click to show all stack frames</a>
<div class='stack-trace' id='stack-trace492938056'><pre>java.lang.AssertionError: The following asserts failed:
	expected [Failed: Your username is invalid!] but found [Your username is invalid!],
	expected [Failed: Your username is invalid!] but found [Your username is invalid!],
	expected [Failed: Your username is invalid!] but found [Your username is invalid!]
	at org.testng.asserts.SoftAssert.assertAll(SoftAssert.java:46)
	at org.testng.asserts.SoftAssert.assertAll(SoftAssert.java:30)
	at com.tests.LoginTests.validateFailedScenario(LoginTests.java:88)
	at java.base/jdk.internal.reflect.NativeMethodAccessorImpl.invoke0(Native Method)
	at java.base/jdk.internal.reflect.NativeMethodAccessorImpl.invoke(NativeMethodAccessorImpl.java:77)
	at java.base/jdk.internal.reflect.DelegatingMethodAccessorImpl.invoke(DelegatingMethodAccessorImpl.java:43)
	at java.base/java.lang.reflect.Method.invoke(Method.java:568)
	at org.testng.internal.invokers.MethodInvocationHelper.invokeMethod(MethodInvocationHelper.java:141)
	at org.testng.internal.invokers.TestInvoker.invokeMethod(TestInvoker.java:686)
	at org.testng.internal.invokers.TestInvoker.retryFailed(TestInvoker.java:269)
	at org.testng.internal.invokers.MethodRunner.runInSequence(MethodRunner.java:76)
	at org.testng.internal.invokers.TestInvoker$MethodInvocationAgent.invoke(TestInvoker.java:992)
	at org.testng.internal.invokers.TestInvoker.invokeTestMethods(TestInvoker.java:203)
	at org.testng.internal.invokers.TestMethodWorker.invokeTestMethods(TestMethodWorker.java:154)
	at org.testng.internal.invokers.TestMethodWorker.run(TestMethodWorker.java:134)
	at java.base/java.util.ArrayList.forEach(ArrayList.java:1511)
	at org.testng.TestRunner.privateRun(TestRunner.java:739)
	at org.testng.TestRunner.run(TestRunner.java:614)
	at org.testng.SuiteRunner.runTest(SuiteRunner.java:421)
	at org.testng.SuiteRunner.runSequentially(SuiteRunner.java:413)
	at org.testng.SuiteRunner.privateRun(SuiteRunner.java:373)
	at org.testng.SuiteRunner.run(SuiteRunner.java:312)
	at org.testng.SuiteRunnerWorker.runSuite(SuiteRunnerWorker.java:52)
	at org.testng.SuiteRunnerWorker.run(SuiteRunnerWorker.java:95)
	at org.testng.TestNG.runSuitesSequentially(TestNG.java:1274)
	at org.testng.TestNG.runSuitesLocally(TestNG.java:1208)
	at org.testng.TestNG.runSuites(TestNG.java:1112)
	at org.testng.TestNG.run(TestNG.java:1079)
	at org.testng.remote.AbstractRemoteTestNG.run(AbstractRemoteTestNG.java:115)
	at org.testng.remote.RemoteTestNG.initAndRun(RemoteTestNG.java:293)
	at org.testng.remote.RemoteTestNG.main(RemoteTestNG.java:91)
</pre></div></td>
<td>0</td>
<td>com.tests.LoginTests@8a589a2</td></tr>
</table><p>
<table width='100%' border='1' class='invocation-passed'>
<tr><td colspan='4' align='center'><b>PASSED TESTS</b></td></tr>
<tr><td><b>Test method</b></td>
<td><b>Attribute(s)</b></td>
<td width="30%"><b>Exception</b></td>
<td width="10%"><b>Time (seconds)</b></td>
<td><b>Instance</b></td>
</tr>
<tr>
<td title='com.tests.LoginTests.validateInvalidCredentials()'><b>validateInvalidCredentials</b><br>Test class: com.tests.LoginTests<br/>
<a href="#Output-1578959831" onClick='toggleBox("Output-1578959831", this, "Show output", "Hide output");'>Show output</a>

<a href="#Output-1578959831" onClick="toggleAllBoxes();">Show all outputs</a>
<div class='log' id="Output-1578959831">
The test validateInvalidCredentials is passed<br/>
</div>
</td>
<td></td>
<td>0</td>
<td>com.tests.LoginTests@8a589a2</td></tr>
<tr>
<td title='com.tests.LoginTests.validateInvalidPassword()'><b>validateInvalidPassword</b><br>Test class: com.tests.LoginTests<br/>
<a href="#Output-2018664185" onClick='toggleBox("Output-2018664185", this, "Show output", "Hide output");'>Show output</a>

<a href="#Output-2018664185" onClick="toggleAllBoxes();">Show all outputs</a>
<div class='log' id="Output-2018664185">
The test validateInvalidPassword is passed<br/>
</div>
</td>
<td></td>
<td>0</td>
<td>com.tests.LoginTests@8a589a2</td></tr>
<tr>
<td title='com.tests.LoginTests.validateInvalidUsername()'><b>validateInvalidUsername</b><br>Test class: com.tests.LoginTests<br/>
<a href="#Output-1134601005" onClick='toggleBox("Output-1134601005", this, "Show output", "Hide output");'>Show output</a>

<a href="#Output-1134601005" onClick="toggleAllBoxes();">Show all outputs</a>
<div class='log' id="Output-1134601005">
The test validateInvalidUsername is passed<br/>
</div>
</td>
<td></td>
<td>2</td>
<td>com.tests.LoginTests@8a589a2</td></tr>
<tr>
<td title='com.tests.LoginTests.validateBlankInput()'><b>validateBlankInput</b><br>Test class: com.tests.LoginTests<br/>
<a href="#Output-859604881" onClick='toggleBox("Output-859604881", this, "Show output", "Hide output");'>Show output</a>

<a href="#Output-859604881" onClick="toggleAllBoxes();">Show all outputs</a>
<div class='log' id="Output-859604881">
The test validateBlankInput is passed<br/>
</div>
</td>
<td></td>
<td>3</td>
<td>com.tests.LoginTests@8a589a2</td></tr>
<tr>
<td title='com.tests.LoginTests.validateSuccessfulLogin()'><b>validateSuccessfulLogin</b><br>Test class: com.tests.LoginTests<br/>
<a href="#Output-1335256857" onClick='toggleBox("Output-1335256857", this, "Show output", "Hide output");'>Show output</a>

<a href="#Output-1335256857" onClick="toggleAllBoxes();">Show all outputs</a>
<div class='log' id="Output-1335256857">
The test validateSuccessfulLogin is passed<br/>
</div>
</td>
<td></td>
<td>4</td>
<td>com.tests.LoginTests@8a589a2</td></tr>
</table><p>
<table width='100%' border='1' class='invocation-skipped'>
<tr><td colspan='4' align='center'><b>SKIPPED TESTS</b></td></tr>
<tr><td><b>Test method</b></td>
<td><b>Attribute(s)</b></td>
<td width="30%"><b>Exception</b></td>
<td width="10%"><b>Time (seconds)</b></td>
<td><b>Instance</b></td>
</tr>
<tr>
<td title='com.tests.LoginTests.validateFailedScenario()'><b>validateFailedScenario</b><br>Test class: com.tests.LoginTests<br/>
<a href="#Output-935599808" onClick='toggleBox("Output-935599808", this, "Show output", "Hide output");'>Show output</a>

<a href="#Output-935599808" onClick="toggleAllBoxes();">Show all outputs</a>
<div class='log' id="Output-935599808">
The test validateFailedScenario is skipped<br/>
</div>
</td>
<td><div><pre>java.lang.AssertionError: The following asserts failed:
	expected [Failed: Your username is invalid!] but found [Your username is invalid!],
	expected [Failed: Your username is invalid!] but found [Your username is invalid!]
	at com.tests.LoginTests.validateFailedScenario(LoginTests.java:88)
	at java.base/java.util.ArrayList.forEach(ArrayList.java:1511)
... Removed 29 stack frames</pre></div><a href='#' onClick='toggleBox("stack-trace935599808", this, "Click to show all stack frames", "Click to hide stack frames")'>Click to show all stack frames</a>
<div class='stack-trace' id='stack-trace935599808'><pre>java.lang.AssertionError: The following asserts failed:
	expected [Failed: Your username is invalid!] but found [Your username is invalid!],
	expected [Failed: Your username is invalid!] but found [Your username is invalid!]
	at org.testng.asserts.SoftAssert.assertAll(SoftAssert.java:46)
	at org.testng.asserts.SoftAssert.assertAll(SoftAssert.java:30)
	at com.tests.LoginTests.validateFailedScenario(LoginTests.java:88)
	at java.base/jdk.internal.reflect.NativeMethodAccessorImpl.invoke0(Native Method)
	at java.base/jdk.internal.reflect.NativeMethodAccessorImpl.invoke(NativeMethodAccessorImpl.java:77)
	at java.base/jdk.internal.reflect.DelegatingMethodAccessorImpl.invoke(DelegatingMethodAccessorImpl.java:43)
	at java.base/java.lang.reflect.Method.invoke(Method.java:568)
	at org.testng.internal.invokers.MethodInvocationHelper.invokeMethod(MethodInvocationHelper.java:141)
	at org.testng.internal.invokers.TestInvoker.invokeMethod(TestInvoker.java:686)
	at org.testng.internal.invokers.TestInvoker.retryFailed(TestInvoker.java:269)
	at org.testng.internal.invokers.MethodRunner.runInSequence(MethodRunner.java:76)
	at org.testng.internal.invokers.TestInvoker$MethodInvocationAgent.invoke(TestInvoker.java:992)
	at org.testng.internal.invokers.TestInvoker.invokeTestMethods(TestInvoker.java:203)
	at org.testng.internal.invokers.TestMethodWorker.invokeTestMethods(TestMethodWorker.java:154)
	at org.testng.internal.invokers.TestMethodWorker.run(TestMethodWorker.java:134)
	at java.base/java.util.ArrayList.forEach(ArrayList.java:1511)
	at org.testng.TestRunner.privateRun(TestRunner.java:739)
	at org.testng.TestRunner.run(TestRunner.java:614)
	at org.testng.SuiteRunner.runTest(SuiteRunner.java:421)
	at org.testng.SuiteRunner.runSequentially(SuiteRunner.java:413)
	at org.testng.SuiteRunner.privateRun(SuiteRunner.java:373)
	at org.testng.SuiteRunner.run(SuiteRunner.java:312)
	at org.testng.SuiteRunnerWorker.runSuite(SuiteRunnerWorker.java:52)
	at org.testng.SuiteRunnerWorker.run(SuiteRunnerWorker.java:95)
	at org.testng.TestNG.runSuitesSequentially(TestNG.java:1274)
	at org.testng.TestNG.runSuitesLocally(TestNG.java:1208)
	at org.testng.TestNG.runSuites(TestNG.java:1112)
	at org.testng.TestNG.run(TestNG.java:1079)
	at org.testng.remote.AbstractRemoteTestNG.run(AbstractRemoteTestNG.java:115)
	at org.testng.remote.RemoteTestNG.initAndRun(RemoteTestNG.java:293)
	at org.testng.remote.RemoteTestNG.main(RemoteTestNG.java:91)
</pre></div></td>
<td>0</td>
<td>com.tests.LoginTests@8a589a2</td></tr>
<tr>
<td title='com.tests.LoginTests.validateFailedScenario()'><b>validateFailedScenario</b><br>Test class: com.tests.LoginTests<br/>
<a href="#Output-1523957322" onClick='toggleBox("Output-1523957322", this, "Show output", "Hide output");'>Show output</a>

<a href="#Output-1523957322" onClick="toggleAllBoxes();">Show all outputs</a>
<div class='log' id="Output-1523957322">
The test validateFailedScenario is skipped<br/>
</div>
</td>
<td><div><pre>java.lang.AssertionError: The following asserts failed:
	expected [Failed: Your username is invalid!] but found [Your username is invalid!]
	at com.tests.LoginTests.validateFailedScenario(LoginTests.java:88)
	at java.base/java.util.ArrayList.forEach(ArrayList.java:1511)
... Removed 29 stack frames</pre></div><a href='#' onClick='toggleBox("stack-trace1523957322", this, "Click to show all stack frames", "Click to hide stack frames")'>Click to show all stack frames</a>
<div class='stack-trace' id='stack-trace1523957322'><pre>java.lang.AssertionError: The following asserts failed:
	expected [Failed: Your username is invalid!] but found [Your username is invalid!]
	at org.testng.asserts.SoftAssert.assertAll(SoftAssert.java:46)
	at org.testng.asserts.SoftAssert.assertAll(SoftAssert.java:30)
	at com.tests.LoginTests.validateFailedScenario(LoginTests.java:88)
	at java.base/jdk.internal.reflect.NativeMethodAccessorImpl.invoke0(Native Method)
	at java.base/jdk.internal.reflect.NativeMethodAccessorImpl.invoke(NativeMethodAccessorImpl.java:77)
	at java.base/jdk.internal.reflect.DelegatingMethodAccessorImpl.invoke(DelegatingMethodAccessorImpl.java:43)
	at java.base/java.lang.reflect.Method.invoke(Method.java:568)
	at org.testng.internal.invokers.MethodInvocationHelper.invokeMethod(MethodInvocationHelper.java:141)
	at org.testng.internal.invokers.TestInvoker.invokeMethod(TestInvoker.java:686)
	at org.testng.internal.invokers.TestInvoker.invokeTestMethod(TestInvoker.java:230)
	at org.testng.internal.invokers.MethodRunner.runInSequence(MethodRunner.java:63)
	at org.testng.internal.invokers.TestInvoker$MethodInvocationAgent.invoke(TestInvoker.java:992)
	at org.testng.internal.invokers.TestInvoker.invokeTestMethods(TestInvoker.java:203)
	at org.testng.internal.invokers.TestMethodWorker.invokeTestMethods(TestMethodWorker.java:154)
	at org.testng.internal.invokers.TestMethodWorker.run(TestMethodWorker.java:134)
	at java.base/java.util.ArrayList.forEach(ArrayList.java:1511)
	at org.testng.TestRunner.privateRun(TestRunner.java:739)
	at org.testng.TestRunner.run(TestRunner.java:614)
	at org.testng.SuiteRunner.runTest(SuiteRunner.java:421)
	at org.testng.SuiteRunner.runSequentially(SuiteRunner.java:413)
	at org.testng.SuiteRunner.privateRun(SuiteRunner.java:373)
	at org.testng.SuiteRunner.run(SuiteRunner.java:312)
	at org.testng.SuiteRunnerWorker.runSuite(SuiteRunnerWorker.java:52)
	at org.testng.SuiteRunnerWorker.run(SuiteRunnerWorker.java:95)
	at org.testng.TestNG.runSuitesSequentially(TestNG.java:1274)
	at org.testng.TestNG.runSuitesLocally(TestNG.java:1208)
	at org.testng.TestNG.runSuites(TestNG.java:1112)
	at org.testng.TestNG.run(TestNG.java:1079)
	at org.testng.remote.AbstractRemoteTestNG.run(AbstractRemoteTestNG.java:115)
	at org.testng.remote.RemoteTestNG.initAndRun(RemoteTestNG.java:293)
	at org.testng.remote.RemoteTestNG.main(RemoteTestNG.java:91)
</pre></div></td>
<td>1</td>
<td>com.tests.LoginTests@8a589a2</td></tr>
</table><p>
</body>
</html>